{"C:\\Users\\usuario\\Desktop\\proyecto\\nuevo\\react native\\mytest\\src\\screens\\ListadoScreen.tsx": {"path":"C:\\Users\\usuario\\Desktop\\proyecto\\nuevo\\react native\\mytest\\src\\screens\\ListadoScreen.tsx","statementMap":{"0":{"start":{"line":10,"column":22},"end":{"line":42,"column":1}},"1":{"start":{"line":11,"column":26},"end":{"line":11,"column":49}},"2":{"start":{"line":12,"column":32},"end":{"line":12,"column":46}},"3":{"start":{"line":14,"column":2},"end":{"line":22,"column":9}},"4":{"start":{"line":15,"column":4},"end":{"line":15,"column":39}},"5":{"start":{"line":16,"column":4},"end":{"line":21,"column":9}},"6":{"start":{"line":17,"column":26},"end":{"line":17,"column":41}},"7":{"start":{"line":19,"column":8},"end":{"line":19,"column":22}},"8":{"start":{"line":20,"column":8},"end":{"line":20,"column":26}},"9":{"start":{"line":24,"column":2},"end":{"line":41,"column":4}},"10":{"start":{"line":32,"column":12},"end":{"line":35,"column":19}},"11":{"start":{"line":37,"column":34},"end":{"line":37,"column":52}},"12":{"start":{"line":44,"column":15},"end":{"line":71,"column":2}}},"fnMap":{"0":{"name":"(anonymous_0)","decl":{"start":{"line":10,"column":22},"end":{"line":10,"column":23}},"loc":{"start":{"line":10,"column":28},"end":{"line":42,"column":1}},"line":10},"1":{"name":"(anonymous_1)","decl":{"start":{"line":14,"column":12},"end":{"line":14,"column":13}},"loc":{"start":{"line":14,"column":18},"end":{"line":22,"column":3}},"line":14},"2":{"name":"(anonymous_2)","decl":{"start":{"line":17,"column":12},"end":{"line":17,"column":13}},"loc":{"start":{"line":17,"column":26},"end":{"line":17,"column":41}},"line":17},"3":{"name":"(anonymous_3)","decl":{"start":{"line":18,"column":12},"end":{"line":18,"column":13}},"loc":{"start":{"line":18,"column":33},"end":{"line":21,"column":7}},"line":18},"4":{"name":"(anonymous_4)","decl":{"start":{"line":31,"column":22},"end":{"line":31,"column":23}},"loc":{"start":{"line":32,"column":12},"end":{"line":35,"column":19}},"line":32},"5":{"name":"(anonymous_5)","decl":{"start":{"line":37,"column":24},"end":{"line":37,"column":25}},"loc":{"start":{"line":37,"column":34},"end":{"line":37,"column":52}},"line":37}},"branchMap":{"0":{"loc":{"start":{"line":26,"column":7},"end":{"line":39,"column":7}},"type":"cond-expr","locations":[{"start":{"line":27,"column":8},"end":{"line":27,"column":69}},{"start":{"line":29,"column":8},"end":{"line":38,"column":10}}],"line":26}},"s":{"0":1,"1":1,"2":1,"3":1,"4":1,"5":1,"6":0,"7":0,"8":0,"9":1,"10":0,"11":0,"12":1},"f":{"0":1,"1":1,"2":0,"3":0,"4":0,"5":0},"b":{"0":[1,0]},"_coverageSchema":"1a1c01bbd47fc00a2c39e90264f33305004495a9","hash":"8f96bd61d9366007d87aaa535adc8d44b95d6ddf"}
,"C:\\Users\\usuario\\Desktop\\proyecto\\nuevo\\react native\\mytest\\src\\screens\\TasksScreen.tsx": {"path":"C:\\Users\\usuario\\Desktop\\proyecto\\nuevo\\react native\\mytest\\src\\screens\\TasksScreen.tsx","statementMap":{"0":{"start":{"line":7,"column":20},"end":{"line":52,"column":1}},"1":{"start":{"line":8,"column":16},"end":{"line":8,"column":68}},"2":{"start":{"line":8,"column":50},"end":{"line":8,"column":67}},"3":{"start":{"line":9,"column":19},"end":{"line":9,"column":32}},"4":{"start":{"line":10,"column":32},"end":{"line":10,"column":44}},"5":{"start":{"line":11,"column":42},"end":{"line":11,"column":57}},"6":{"start":{"line":13,"column":24},"end":{"line":19,"column":3}},"7":{"start":{"line":14,"column":4},"end":{"line":18,"column":5}},"8":{"start":{"line":15,"column":6},"end":{"line":15,"column":33}},"9":{"start":{"line":16,"column":6},"end":{"line":16,"column":21}},"10":{"start":{"line":17,"column":6},"end":{"line":17,"column":29}},"11":{"start":{"line":21,"column":2},"end":{"line":51,"column":4}},"12":{"start":{"line":23,"column":56},"end":{"line":23,"column":77}},"13":{"start":{"line":27,"column":10},"end":{"line":29,"column":17}},"14":{"start":{"line":31,"column":32},"end":{"line":31,"column":50}},"15":{"start":{"line":34,"column":49},"end":{"line":34,"column":71}},"16":{"start":{"line":54,"column":15},"end":{"line":93,"column":2}}},"fnMap":{"0":{"name":"(anonymous_0)","decl":{"start":{"line":7,"column":20},"end":{"line":7,"column":21}},"loc":{"start":{"line":7,"column":26},"end":{"line":52,"column":1}},"line":7},"1":{"name":"(anonymous_1)","decl":{"start":{"line":8,"column":28},"end":{"line":8,"column":29}},"loc":{"start":{"line":8,"column":50},"end":{"line":8,"column":67}},"line":8},"2":{"name":"(anonymous_2)","decl":{"start":{"line":13,"column":24},"end":{"line":13,"column":25}},"loc":{"start":{"line":13,"column":30},"end":{"line":19,"column":3}},"line":13},"3":{"name":"(anonymous_3)","decl":{"start":{"line":23,"column":50},"end":{"line":23,"column":51}},"loc":{"start":{"line":23,"column":56},"end":{"line":23,"column":77}},"line":23},"4":{"name":"(anonymous_4)","decl":{"start":{"line":26,"column":20},"end":{"line":26,"column":21}},"loc":{"start":{"line":27,"column":10},"end":{"line":29,"column":17}},"line":27},"5":{"name":"(anonymous_5)","decl":{"start":{"line":31,"column":22},"end":{"line":31,"column":23}},"loc":{"start":{"line":31,"column":32},"end":{"line":31,"column":50}},"line":31},"6":{"name":"(anonymous_6)","decl":{"start":{"line":34,"column":43},"end":{"line":34,"column":44}},"loc":{"start":{"line":34,"column":49},"end":{"line":34,"column":71}},"line":34}},"branchMap":{"0":{"loc":{"start":{"line":14,"column":4},"end":{"line":18,"column":5}},"type":"if","locations":[{"start":{"line":14,"column":4},"end":{"line":18,"column":5}},{"start":{},"end":{}}],"line":14}},"s":{"0":1,"1":6,"2":9,"3":6,"4":6,"5":6,"6":6,"7":2,"8":1,"9":1,"10":1,"11":6,"12":2,"13":3,"14":5,"15":0,"16":1},"f":{"0":6,"1":9,"2":2,"3":2,"4":3,"5":5,"6":0},"b":{"0":[1,1]},"_coverageSchema":"1a1c01bbd47fc00a2c39e90264f33305004495a9","hash":"b98a81fdaadc3fe39551554bf81bb3c1ffebedb7"}
,"C:\\Users\\usuario\\Desktop\\proyecto\\nuevo\\react native\\mytest\\src\\store\\store.ts": {"path":"C:\\Users\\usuario\\Desktop\\proyecto\\nuevo\\react native\\mytest\\src\\store\\store.ts","statementMap":{"0":{"start":{"line":4,"column":21},"end":{"line":8,"column":2}}},"fnMap":{},"branchMap":{},"s":{"0":1},"f":{},"b":{},"_coverageSchema":"1a1c01bbd47fc00a2c39e90264f33305004495a9","hash":"7de599b6251d98861a64905136a15336945cbab9"}
,"C:\\Users\\usuario\\Desktop\\proyecto\\nuevo\\react native\\mytest\\src\\store\\tasksSlice.ts": {"path":"C:\\Users\\usuario\\Desktop\\proyecto\\nuevo\\react native\\mytest\\src\\store\\tasksSlice.ts","statementMap":{"0":{"start":{"line":12,"column":33},"end":{"line":14,"column":1}},"1":{"start":{"line":16,"column":19},"end":{"line":24,"column":2}},"2":{"start":{"line":21,"column":6},"end":{"line":21,"column":84}},"3":{"start":{"line":26,"column":27},"end":{"line":26,"column":45}}},"fnMap":{"0":{"name":"(anonymous_0)","decl":{"start":{"line":20,"column":13},"end":{"line":20,"column":14}},"loc":{"start":{"line":20,"column":55},"end":{"line":22,"column":5}},"line":20}},"branchMap":{},"s":{"0":2,"1":2,"2":2,"3":2},"f":{"0":2},"b":{},"_coverageSchema":"1a1c01bbd47fc00a2c39e90264f33305004495a9","hash":"ffdf709f7270e84976a8ada32ac7e2df002b9ed9"}
}
